2025-10-18 13:28:28,302 [Test worker] INFO  o.s.t.c.s.AnnotationConfigContextLoaderUtils - Could not detect default configuration classes for test class [org.javaguru.blacklist.rest.rest.BlackListedPersonCheckTest]: BlackListedPersonCheckTest does not declare any static, non-private, non-final, nested classes annotated with @Configuration.
2025-10-18 13:28:28,532 [Test worker] INFO  o.s.b.t.c.SpringBootTestContextBootstrapper - Found @SpringBootConfiguration org.javaguru.blacklist.BlackListApplication for test class org.javaguru.blacklist.rest.rest.BlackListedPersonCheckTest
2025-10-18 13:28:29,291 [Test worker] INFO  o.j.b.r.r.BlackListedPersonCheckTest - Starting BlackListedPersonCheckTest using Java 21.0.4 with PID 30568 (started by Sinahatake in C:\Users\Sinahatake\IdeaProjects\2025_virtual_internship\student_nastya_loktionova_v2\black-list-app)
2025-10-18 13:28:29,295 [Test worker] INFO  o.j.b.r.r.BlackListedPersonCheckTest - No active profile set, falling back to 1 default profile: "default"
2025-10-18 13:28:31,062 [Test worker] INFO  o.s.d.r.c.RepositoryConfigurationDelegate - Bootstrapping Spring Data JPA repositories in DEFAULT mode.
2025-10-18 13:28:31,201 [Test worker] INFO  o.s.d.r.c.RepositoryConfigurationDelegate - Finished Spring Data repository scanning in 106 ms. Found 1 JPA repository interface.
2025-10-18 13:28:31,949 [Test worker] INFO  com.zaxxer.hikari.HikariDataSource - HikariPool-1 - Starting...
2025-10-18 13:28:32,280 [Test worker] INFO  com.zaxxer.hikari.pool.HikariPool - HikariPool-1 - Added connection conn0: url=jdbc:h2:mem:testdb user=SA
2025-10-18 13:28:32,283 [Test worker] INFO  com.zaxxer.hikari.HikariDataSource - HikariPool-1 - Start completed.
2025-10-18 13:28:32,553 [Test worker] INFO  o.h.jpa.internal.util.LogHelper - HHH000204: Processing PersistenceUnitInfo [name: default]
2025-10-18 13:28:32,691 [Test worker] INFO  org.hibernate.Version - HHH000412: Hibernate ORM core version 6.6.13.Final
2025-10-18 13:28:32,787 [Test worker] INFO  o.h.c.i.RegionFactoryInitiator - HHH000026: Second-level cache disabled
2025-10-18 13:28:33,023 [Test worker] INFO  o.s.o.j.p.SpringPersistenceUnitInfo - No LoadTimeWeaver setup: ignoring JPA class transformer
2025-10-18 13:28:33,111 [Test worker] WARN  org.hibernate.orm.deprecation - HHH90000025: H2Dialect does not need to be specified explicitly using 'hibernate.dialect' (remove the property setting and it will be selected by default)
2025-10-18 13:28:33,136 [Test worker] INFO  o.hibernate.orm.connections.pooling - HHH10001005: Database info:
	Database JDBC URL [Connecting through datasource 'HikariDataSource (HikariPool-1)']
	Database driver: undefined/unknown
	Database version: 2.2.224
	Autocommit mode: undefined/unknown
	Isolation level: undefined/unknown
	Minimum pool size: undefined/unknown
	Maximum pool size: undefined/unknown
2025-10-18 13:28:34,179 [Test worker] INFO  o.h.e.t.j.p.i.JtaPlatformInitiator - HHH000489: No JTA platform available (set 'hibernate.transaction.jta.platform' to enable JTA platform integration)
2025-10-18 13:28:34,251 [Test worker] INFO  o.s.o.j.LocalContainerEntityManagerFactoryBean - Initialized JPA EntityManagerFactory for persistence unit 'default'
2025-10-18 13:28:35,938 [Test worker] WARN  o.s.b.a.o.j.JpaBaseConfiguration$JpaWebConfiguration - spring.jpa.open-in-view is enabled by default. Therefore, database queries may be performed during view rendering. Explicitly configure spring.jpa.open-in-view to disable this warning
2025-10-18 13:28:36,009 [Test worker] INFO  o.s.v.b.OptionalValidatorFactoryBean - Failed to set up a Bean Validation provider: jakarta.validation.NoProviderFoundException: Unable to create a Configuration, because no Jakarta Bean Validation provider could be found. Add a provider like Hibernate Validator (RI) to your classpath.
2025-10-18 13:28:37,076 [Test worker] INFO  o.s.b.t.m.w.SpringBootMockServletContext - Initializing Spring TestDispatcherServlet ''
2025-10-18 13:28:37,077 [Test worker] INFO  o.s.t.w.s.TestDispatcherServlet - Initializing Servlet ''
2025-10-18 13:28:37,082 [Test worker] INFO  o.s.t.w.s.TestDispatcherServlet - Completed initialization in 1 ms
2025-10-18 13:28:37,175 [Test worker] INFO  o.j.b.r.r.BlackListedPersonCheckTest - Started BlackListedPersonCheckTest in 8.36 seconds (process running for 13.658)
2025-10-18 13:28:37,451 [Test worker] INFO  o.j.b.rest.BlacklistRequestLogger - REQUEST: {"personCode":"123456-12345","personFirstName":"Vasja","personLastName":""}
2025-10-18 13:28:37,484 [Test worker] INFO  o.j.b.rest.BlacklistResponseLogger - RESPONSE: {"errors":[{"errorCode":"ERROR_CODE_2","description":"Field personLastName must not be empty!"}]}
2025-10-18 13:28:37,484 [Test worker] INFO  o.j.b.r.BlacklistRequestExecutionTimeLogger - Request processing time: 50 ms
2025-10-18 13:28:37,568 [Test worker] INFO  o.j.b.rest.BlacklistRequestLogger - REQUEST: {"personCode":"123456-12345","personFirstName":"Vasja","personLastName":"Pupkin"}
2025-10-18 13:28:37,814 [Test worker] INFO  o.j.b.rest.BlacklistResponseLogger - RESPONSE: {"personCode":"123456-12345","personFirstName":"Vasja","personLastName":"Pupkin","blacklisted":false}
2025-10-18 13:28:37,814 [Test worker] INFO  o.j.b.r.BlacklistRequestExecutionTimeLogger - Request processing time: 246 ms
2025-10-18 13:28:37,830 [Test worker] INFO  o.j.b.rest.BlacklistRequestLogger - REQUEST: {"personCode":"","personFirstName":"Vasja","personLastName":"Pupkin"}
2025-10-18 13:28:37,833 [Test worker] INFO  o.j.b.rest.BlacklistResponseLogger - RESPONSE: {"errors":[{"errorCode":"ERROR_CODE_3","description":"Field personCode must not be empty!"}]}
2025-10-18 13:28:37,834 [Test worker] INFO  o.j.b.r.BlacklistRequestExecutionTimeLogger - Request processing time: 4 ms
2025-10-18 13:28:37,846 [Test worker] INFO  o.j.b.rest.BlacklistRequestLogger - REQUEST: {"personCode":"123456-12345","personFirstName":null,"personLastName":"Pupkin"}
2025-10-18 13:28:37,851 [Test worker] INFO  o.j.b.rest.BlacklistResponseLogger - RESPONSE: {"errors":[{"errorCode":"ERROR_CODE_1","description":"Field personFirstName must not be empty!"}]}
2025-10-18 13:28:37,851 [Test worker] INFO  o.j.b.r.BlacklistRequestExecutionTimeLogger - Request processing time: 6 ms
2025-10-18 13:28:37,866 [Test worker] INFO  o.j.b.rest.BlacklistRequestLogger - REQUEST: {"personCode":"123456-12345","personFirstName":"Vasja","personLastName":null}
2025-10-18 13:28:37,872 [Test worker] INFO  o.j.b.rest.BlacklistResponseLogger - RESPONSE: {"errors":[{"errorCode":"ERROR_CODE_2","description":"Field personLastName must not be empty!"}]}
2025-10-18 13:28:37,872 [Test worker] INFO  o.j.b.r.BlacklistRequestExecutionTimeLogger - Request processing time: 7 ms
2025-10-18 13:28:37,892 [Test worker] INFO  o.j.b.rest.BlacklistRequestLogger - REQUEST: {"personCode":null,"personFirstName":"Vasja","personLastName":"Pupkin"}
2025-10-18 13:28:37,898 [Test worker] INFO  o.j.b.rest.BlacklistResponseLogger - RESPONSE: {"errors":[{"errorCode":"ERROR_CODE_3","description":"Field personCode must not be empty!"}]}
2025-10-18 13:28:37,898 [Test worker] INFO  o.j.b.r.BlacklistRequestExecutionTimeLogger - Request processing time: 8 ms
2025-10-18 13:28:37,914 [Test worker] INFO  o.j.b.rest.BlacklistRequestLogger - REQUEST: {"personCode":"123456-12345","personFirstName":"Petja","personLastName":"Pupkin"}
2025-10-18 13:28:37,971 [Test worker] INFO  o.j.b.rest.BlacklistResponseLogger - RESPONSE: {"personCode":"123456-12345","personFirstName":"Petja","personLastName":"Pupkin","blacklisted":true}
2025-10-18 13:28:37,971 [Test worker] INFO  o.j.b.r.BlacklistRequestExecutionTimeLogger - Request processing time: 57 ms
2025-10-18 13:28:37,983 [Test worker] INFO  o.j.b.rest.BlacklistRequestLogger - REQUEST: {"personCode":"123456-12345","personFirstName":"","personLastName":"Pupkin"}
2025-10-18 13:28:37,987 [Test worker] INFO  o.j.b.rest.BlacklistResponseLogger - RESPONSE: {"errors":[{"errorCode":"ERROR_CODE_1","description":"Field personFirstName must not be empty!"}]}
2025-10-18 13:28:37,987 [Test worker] INFO  o.j.b.r.BlacklistRequestExecutionTimeLogger - Request processing time: 4 ms
2025-10-18 13:28:38,011 [SpringApplicationShutdownHook] INFO  o.s.o.j.LocalContainerEntityManagerFactoryBean - Closing JPA EntityManagerFactory for persistence unit 'default'
2025-10-18 13:28:38,015 [SpringApplicationShutdownHook] INFO  com.zaxxer.hikari.HikariDataSource - HikariPool-1 - Shutdown initiated...
2025-10-18 13:28:38,020 [SpringApplicationShutdownHook] INFO  com.zaxxer.hikari.HikariDataSource - HikariPool-1 - Shutdown completed.
